FunctionFIRST2016/app/build/outputs/apk/manifest-merger-debug-report.txt
-- Merging decision tree log ---
manifest
ADDED from AndroidManifest.xml:2:1
	package
		ADDED from AndroidManifest.xml:3:5
		INJECTED from AndroidManifest.xml:0:0
		INJECTED from AndroidManifest.xml:0:0
	android:versionName
		INJECTED from AndroidManifest.xml:0:0
		INJECTED from AndroidManifest.xml:0:0
	xmlns:android
		ADDED from AndroidManifest.xml:2:11
	android:versionCode
		INJECTED from AndroidManifest.xml:0:0
		INJECTED from AndroidManifest.xml:0:0
uses-sdk
ADDED from AndroidManifest.xml:5:5
MERGED from com.android.support:appcompat-v7:21.0.2:15:5
MERGED from com.android.support:support-v4:21.0.2:15:5
	android:targetSdkVersion
		ADDED from AndroidManifest.xml:7:9
		INJECTED from AndroidManifest.xml:0:0
		INJECTED from AndroidManifest.xml:0:0
	android:minSdkVersion
		ADDED from AndroidManifest.xml:6:9
		INJECTED from AndroidManifest.xml:0:0
		INJECTED from AndroidManifest.xml:0:0
uses-permission#android.permission.INTERNET
ADDED from AndroidManifest.xml:9:5
	android:name
		ADDED from AndroidManifest.xml:9:22
uses-permission#android.permission.ACCESS_NETWORK_STATE
ADDED from AndroidManifest.xml:10:5
	android:name
		ADDED from AndroidManifest.xml:10:22
uses-permission#android.permission.WRITE_EXTERNAL_STORAGE
ADDED from AndroidManifest.xml:12:5
	android:name
		ADDED from AndroidManifest.xml:13:9
uses-permission#android.permission.READ_PHONE_STATE
ADDED from AndroidManifest.xml:15:5
	android:name
		ADDED from AndroidManifest.xml:15:22
application
ADDED from AndroidManifest.xml:20:5
MERGED from com.android.support:appcompat-v7:21.0.2:16:5
MERGED from com.android.support:support-v4:21.0.2:16:5
	android:label
		ADDED from AndroidManifest.xml:23:9
	android:allowBackup
		ADDED from AndroidManifest.xml:21:9
	android:icon
		ADDED from AndroidManifest.xml:22:9
	android:theme
		ADDED from AndroidManifest.xml:24:9
activity#com.vandenrobotics.functionfirst.activities.MainActivity
ADDED from AndroidManifest.xml:25:9
	android:label
		ADDED from AndroidManifest.xml:27:13
	android:name
		ADDED from AndroidManifest.xml:26:13
intent-filter#android.intent.action.MAIN+android.intent.category.LAUNCHER
ADDED from AndroidManifest.xml:28:13
action#android.intent.action.MAIN
ADDED from AndroidManifest.xml:29:17
	android:name
		ADDED from AndroidManifest.xml:29:25
category#android.intent.category.LAUNCHER
ADDED from AndroidManifest.xml:31:17
	android:name
		ADDED from AndroidManifest.xml:31:27
activity#com.vandenrobotics.functionfirst.activities.EventListActivity
ADDED from AndroidManifest.xml:34:9
	android:label
		ADDED from AndroidManifest.xml:36:13
	android:parentActivityName
		ADDED from AndroidManifest.xml:37:13
	android:name
		ADDED from AndroidManifest.xml:35:13
meta-data#android.support.PARENT_ACTIVITY
ADDED from AndroidManifest.xml:38:13
	android:value
		ADDED from AndroidManifest.xml:40:17
	android:name
		ADDED from AndroidManifest.xml:39:17
activity#com.vandenrobotics.functionfirst.activities.ScoutActivity
ADDED from AndroidManifest.xml:42:9
	android:label
		ADDED from AndroidManifest.xml:44:13
	android:parentActivityName
		ADDED from AndroidManifest.xml:45:13
	android:name
		ADDED from AndroidManifest.xml:43:13
activity#com.vandenrobotics.functionfirst.activities.MatchActivity
ADDED from AndroidManifest.xml:50:9
	android:screenOrientation
		ADDED from AndroidManifest.xml:54:13
	android:label
		ADDED from AndroidManifest.xml:52:13
	android:parentActivityName
		ADDED from AndroidManifest.xml:53:13
	android:name
		ADDED from AndroidManifest.xml:51:13